  Camera.cpp
  d3dApp.cpp
  d3dUtil.cpp
  DDSTextureLoader.cpp
  DescriptorHeap.cpp
  GameTimer.cpp
  GeometryGenerator.cpp
  MathHelper.cpp
  CrateApp.cpp
  FrameResource.cpp
  Material.cpp
c:\users\user\source\repos\crate\material.cpp(41): warning C4267: “=”: 从“size_t”转换到“unsigned int”，可能丢失数据
  MObject.cpp
  Shader.cpp
c:\users\user\source\repos\crate\shader.cpp(99): warning C4267: “参数”: 从“size_t”转换到“UINT”，可能丢失数据
  ShaderID.cpp
  Texture2D.cpp
  UploadBuffer.cpp
c:\users\user\source\repos\crate\uploadbuffer.cpp(13): warning C4267: “参数”: 从“size_t”转换到“UINT”，可能丢失数据
c:\users\user\source\repos\crate\uploadbuffer.cpp(14): warning C4267: “=”: 从“size_t”转换到“UINT”，可能丢失数据
  正在生成代码...
  Crate.vcxproj -> C:\Users\User\source\repos\Crate\x64\Debug\Crate.exe
